2021-07-22 02:29:33,060 - F:/CSX_WMS_Api/configs/config.py-dev_mysql-[line:19]- - INFO: (591873, 'W053', 'YHCSX', 'PD210722000002', 'PC21072200000024', '100', None, None, datetime.datetime(2021, 7, 22, 2, 23, 32), 'BZ', 'BZ01', 'BZ0199', 'SJX', None, Decimal('200.000'), Decimal('0.000'), Decimal('200.000'), datetime.datetime(2021, 7, 22, 2, 23, 31), '张兵', datetime.datetime(2021, 7, 22, 2, 23, 31), '张兵')
2021-07-22 02:29:33,060 - F:/CSX_WMS_Api/configs/config.py-dev_mysql-[line:22]- - INFO: 执行成功：→SELECT * FROM wms_product_stock_batch where warehouse_code = 'W053' AND product_code='100';
2021-07-22 02:29:46,079 - F:/CSX_WMS_Api/configs/config.py-dev_mysql-[line:19]- - INFO: (591873, 'W053', 'YHCSX', 'PD210722000002', 'PC21072200000024', '100', None, None, datetime.datetime(2021, 7, 22, 2, 23, 32), 'BZ', 'BZ01', 'BZ0199', 'SJX', None, Decimal('200.000'), Decimal('0.000'), Decimal('200.000'), datetime.datetime(2021, 7, 22, 2, 23, 31), '张兵', datetime.datetime(2021, 7, 22, 2, 23, 31), '张兵')
2021-07-22 02:29:46,082 - F:/CSX_WMS_Api/configs/config.py-dev_mysql-[line:22]- - INFO: 执行成功：→SELECT * FROM wms_product_stock_batch where warehouse_code = 'W053' AND product_code='100';
2021-07-22 02:29:46,445 - F:/CSX_WMS_Api/configs/config.py-dev_mysql-[line:19]- - INFO: (591873, 'W053', 'YHCSX', 'PD210722000002', 'PC21072200000024', '100', None, None, datetime.datetime(2021, 7, 22, 2, 23, 32), 'BZ', 'BZ01', 'BZ0199', 'SJX', None, Decimal('200.000'), Decimal('0.000'), Decimal('200.000'), datetime.datetime(2021, 7, 22, 2, 23, 31), '张兵', datetime.datetime(2021, 7, 22, 2, 23, 31), '张兵')
2021-07-22 02:29:46,445 - F:/CSX_WMS_Api/configs/config.py-dev_mysql-[line:22]- - INFO: 执行成功：→SELECT * FROM wms_product_stock_batch where warehouse_code = 'W053' AND product_code='100';
2021-07-22 02:30:01,367 - F:/CSX_WMS_Api/configs/config.py-dev_mysql-[line:19]- - INFO: (591873, 'W053', 'YHCSX', 'PD210722000002', 'PC21072200000024', '100', None, None, datetime.datetime(2021, 7, 22, 2, 23, 32), 'BZ', 'BZ01', 'BZ0199', 'SJX', None, Decimal('200.000'), Decimal('0.000'), Decimal('200.000'), datetime.datetime(2021, 7, 22, 2, 23, 31), '张兵', datetime.datetime(2021, 7, 22, 2, 23, 31), '张兵')
2021-07-22 02:30:01,367 - F:/CSX_WMS_Api/configs/config.py-dev_mysql-[line:22]- - INFO: 执行成功：→SELECT * FROM wms_product_stock_batch where warehouse_code = 'W053' AND product_code='100';
2021-07-22 02:30:01,726 - F:/CSX_WMS_Api/configs/config.py-dev_mysql-[line:19]- - INFO: (591873, 'W053', 'YHCSX', 'PD210722000002', 'PC21072200000024', '100', None, None, datetime.datetime(2021, 7, 22, 2, 23, 32), 'BZ', 'BZ01', 'BZ0199', 'SJX', None, Decimal('200.000'), Decimal('0.000'), Decimal('200.000'), datetime.datetime(2021, 7, 22, 2, 23, 31), '张兵', datetime.datetime(2021, 7, 22, 2, 23, 31), '张兵')
2021-07-22 02:30:01,726 - F:/CSX_WMS_Api/configs/config.py-dev_mysql-[line:22]- - INFO: 执行成功：→SELECT * FROM wms_product_stock_batch where warehouse_code = 'W053' AND product_code='100';
2021-07-22 02:30:40,296 - F:/CSX_WMS_Api/configs/config.py-dev_mysql-[line:19]- - INFO: (591873, 'W053', 'YHCSX', 'PD210722000002', 'PC21072200000024', '100', None, None, datetime.datetime(2021, 7, 22, 2, 23, 32), 'BZ', 'BZ01', 'BZ0199', 'SJX', None, Decimal('200.000'), Decimal('0.000'), Decimal('200.000'), datetime.datetime(2021, 7, 22, 2, 23, 31), '张兵', datetime.datetime(2021, 7, 22, 2, 23, 31), '张兵')
2021-07-22 02:30:40,296 - F:/CSX_WMS_Api/configs/config.py-dev_mysql-[line:22]- - INFO: 执行成功：→SELECT * FROM wms_product_stock_batch where warehouse_code = 'W053' AND product_code='100';
2021-07-22 02:30:40,297 - F:/CSX_WMS_Api/configs/config.py-<module>-[line:37]- - ERROR: 环境初始化失败
2021-07-22 02:30:52,457 - F:/CSX_WMS_Api/configs/config.py-dev_mysql-[line:22]- - INFO: 执行成功：→DELETE FROM wms_product_stock_batch WHERE warehouse_code = 'W053' and product_code = '100';
2021-07-22 02:30:52,457 - F:/CSX_WMS_Api/configs/config.py-<module>-[line:37]- - ERROR: 环境初始化失败
2021-07-22 02:31:22,566 - F:/CSX_WMS_Api/configs/config.py-dev_mysql-[line:22]- - INFO: 执行成功：→DELETE FROM wms_product_stock_batch WHERE warehouse_code = 'W053' and product_code = '100';
2021-07-22 02:31:29,843 - F:/CSX_WMS_Api/configs/config.py-dev_mysql-[line:22]- - INFO: 执行成功：→DELETE FROM wms_product_stock_batch WHERE warehouse_code = 'W053' and product_code = '100';
2021-07-22 02:31:29,843 - F:/CSX_WMS_Api/configs/config.py-<module>-[line:37]- - ERROR: 环境初始化失败
2021-07-22 02:34:51,769 - F:/CSX_WMS_Api/configs/config.py-dev_mysql-[line:19]- - INFO: (591874, 'W053', 'YHCSX', 'PD210722000003', 'PC21072200000025', '100', None, None, datetime.datetime(2021, 7, 22, 2, 34, 50), 'BZ', 'BZ01', 'BZ0199', 'SJX', None, Decimal('200.000'), Decimal('0.000'), Decimal('200.000'), datetime.datetime(2021, 7, 22, 2, 34, 50), '张兵', datetime.datetime(2021, 7, 22, 2, 34, 50), '张兵')
2021-07-22 02:34:51,771 - F:/CSX_WMS_Api/configs/config.py-dev_mysql-[line:22]- - INFO: 执行成功：→SELECT * FROM wms_product_stock_batch where warehouse_code = 'W053' AND product_code='100';
2021-07-22 02:36:24,702 - F:/CSX_WMS_Api/configs/config.py-dev_mysql-[line:19]- - INFO: (591874, 'W053', 'YHCSX', 'PD210722000003', 'PC21072200000025', '100', None, None, datetime.datetime(2021, 7, 22, 2, 34, 50), 'BZ', 'BZ01', 'BZ0199', 'SJX', None, Decimal('200.000'), Decimal('0.000'), Decimal('200.000'), datetime.datetime(2021, 7, 22, 2, 34, 50), '张兵', datetime.datetime(2021, 7, 22, 2, 34, 50), '张兵')
2021-07-22 02:36:24,702 - F:/CSX_WMS_Api/configs/config.py-dev_mysql-[line:22]- - INFO: 执行成功：→SELECT * FROM wms_product_stock_batch where warehouse_code = 'W053' AND product_code='100';
2021-07-22 02:36:24,702 - F:/CSX_WMS_Api/configs/config.py-<module>-[line:37]- - ERROR: 环境初始化失败
2021-07-22 02:36:33,120 - F:/CSX_WMS_Api/configs/config.py-dev_mysql-[line:22]- - INFO: 执行成功：→DELETE FROM wms_product_stock_batch WHERE warehouse_code = 'W053' and product_code = '100';
2021-07-22 02:36:33,120 - F:/CSX_WMS_Api/configs/config.py-<module>-[line:34]- - INFO: 环境初始化成功
